c:\users\rafał\downloads\physx-3.3-master\physx-3.3-master\tutorial08 query performance timer\x64\debug\vc140.pdb
c:\users\rafał\downloads\physx-3.3-master\physx-3.3-master\tutorial08 query performance timer\x64\debug\tutorial07.obj
c:\users\rafał\downloads\physx-3.3-master\physx-3.3-master\tutorial08 query performance timer\x64\debug\timecounter.obj
c:\users\rafał\downloads\physx-3.3-master\physx-3.3-master\tutorial08 query performance timer\x64\debug\terrain.obj
c:\users\rafał\downloads\physx-3.3-master\physx-3.3-master\tutorial08 query performance timer\x64\debug\suncontroller.obj
c:\users\rafał\downloads\physx-3.3-master\physx-3.3-master\tutorial08 query performance timer\x64\debug\skycontroller.obj
c:\users\rafał\downloads\physx-3.3-master\physx-3.3-master\tutorial08 query performance timer\x64\debug\object.obj
c:\users\rafał\downloads\physx-3.3-master\physx-3.3-master\tutorial08 query performance timer\x64\debug\movecontroller.obj
c:\users\rafał\downloads\physx-3.3-master\physx-3.3-master\tutorial08 query performance timer\x64\debug\logger.obj
c:\users\rafał\downloads\physx-3.3-master\physx-3.3-master\tutorial08 query performance timer\x64\debug\heightfield.obj
c:\users\rafał\downloads\physx-3.3-master\physx-3.3-master\tutorial08 query performance timer\x64\debug\camera.obj
c:\users\rafał\downloads\physx-3.3-master\physx-3.3-master\tutorial08 query performance timer\x64\debug\mikktspace.obj
c:\users\rafał\downloads\physx-3.3-master\physx-3.3-master\tutorial08 query performance timer\x64\debug\tutorial07.ilk
c:\users\rafał\downloads\physx-3.3-master\physx-3.3-master\tutorial08 query performance timer\x64\debug\tutorial07.exe
c:\users\rafał\downloads\physx-3.3-master\physx-3.3-master\tutorial08 query performance timer\x64\debug\tutorial07.pdb
c:\users\rafał\downloads\physx-3.3-master\physx-3.3-master\tutorial08 query performance timer\x64\debug\tutorial07.res
c:\users\rafał\downloads\physx-3.3-master\physx-3.3-master\tutorial08 query performance timer\x64\debug\tutorial07.tlog\cl.command.1.tlog
c:\users\rafał\downloads\physx-3.3-master\physx-3.3-master\tutorial08 query performance timer\x64\debug\tutorial07.tlog\cl.read.1.tlog
c:\users\rafał\downloads\physx-3.3-master\physx-3.3-master\tutorial08 query performance timer\x64\debug\tutorial07.tlog\cl.write.1.tlog
c:\users\rafał\downloads\physx-3.3-master\physx-3.3-master\tutorial08 query performance timer\x64\debug\tutorial07.tlog\link.command.1.tlog
c:\users\rafał\downloads\physx-3.3-master\physx-3.3-master\tutorial08 query performance timer\x64\debug\tutorial07.tlog\link.read.1.tlog
c:\users\rafał\downloads\physx-3.3-master\physx-3.3-master\tutorial08 query performance timer\x64\debug\tutorial07.tlog\link.write.1.tlog
c:\users\rafał\downloads\physx-3.3-master\physx-3.3-master\tutorial08 query performance timer\x64\debug\tutorial07.tlog\rc.command.1.tlog
c:\users\rafał\downloads\physx-3.3-master\physx-3.3-master\tutorial08 query performance timer\x64\debug\tutorial07.tlog\rc.read.1.tlog
c:\users\rafał\downloads\physx-3.3-master\physx-3.3-master\tutorial08 query performance timer\x64\debug\tutorial07.tlog\rc.write.1.tlog
