c:\users\rafał\downloads\physx-3.3-master\physx-3.3-master\tutorial08\x64\release\vc140.pdb
c:\users\rafał\downloads\physx-3.3-master\physx-3.3-master\tutorial08\x64\release\terrain.obj
c:\users\rafał\downloads\physx-3.3-master\physx-3.3-master\tutorial08\x64\release\suncontroller.obj
c:\users\rafał\downloads\physx-3.3-master\physx-3.3-master\tutorial08\x64\release\skycontroller.obj
c:\users\rafał\downloads\physx-3.3-master\physx-3.3-master\tutorial08\x64\release\object.obj
c:\users\rafał\downloads\physx-3.3-master\physx-3.3-master\tutorial08\x64\release\movecontroller.obj
c:\users\rafał\downloads\physx-3.3-master\physx-3.3-master\tutorial08\x64\release\camera.obj
c:\users\rafał\downloads\physx-3.3-master\physx-3.3-master\tutorial08\x64\release\timecounter.obj
c:\users\rafał\downloads\physx-3.3-master\physx-3.3-master\tutorial08\x64\release\logger.obj
c:\users\rafał\downloads\physx-3.3-master\physx-3.3-master\tutorial08\x64\release\physx3characterkinematicdebug_x64.ilk
c:\users\rafał\downloads\physx-3.3-master\physx-3.3-master\tutorial08\x64\release\physx3commondebug_x64.ilk
c:\users\rafał\downloads\physx-3.3-master\physx-3.3-master\tutorial08\x64\release\physx3cookingdebug_x64.ilk
c:\users\rafał\downloads\physx-3.3-master\physx-3.3-master\tutorial08\x64\release\physx3debug_x64.ilk
c:\users\rafał\downloads\physx-3.3-master\physx-3.3-master\tutorial08\x64\release\physx3characterkinematicdebug_x64.pdb
c:\users\rafał\downloads\physx-3.3-master\physx-3.3-master\tutorial08\x64\release\physx3commondebug_x64.pdb
c:\users\rafał\downloads\physx-3.3-master\physx-3.3-master\tutorial08\x64\release\physx3cookingdebug_x64.pdb
c:\users\rafał\downloads\physx-3.3-master\physx-3.3-master\tutorial08\x64\release\physx3debug_x64.pdb
c:\users\rafał\downloads\physx-3.3-master\physx-3.3-master\tutorial08\x64\release\samplesdebug.pdb
c:\users\rafał\downloads\physx-3.3-master\physx-3.3-master\tutorial08\x64\release\tutorial07.tlog\cl.command.1.tlog
c:\users\rafał\downloads\physx-3.3-master\physx-3.3-master\tutorial08\x64\release\tutorial07.tlog\cl.read.1.tlog
c:\users\rafał\downloads\physx-3.3-master\physx-3.3-master\tutorial08\x64\release\tutorial07.tlog\cl.write.1.tlog
